c:\coding\connect4_game\connect4_game\bin\release\intermediate\vc143.pdb
c:\coding\connect4_game\connect4_game\bin\release\intermediate\game.obj
c:\coding\connect4_game\connect4_game\bin\release\intermediate\engine.obj
c:\coding\connect4_game\connect4_game\bin\release\intermediate\gui.obj
c:\coding\connect4_game\connect4_game\bin\release\intermediate\runapp.obj
c:\coding\connect4_game\connect4_game\bin\release\intermediate\save_load_game.obj
c:\coding\connect4_game\connect4_game\bin\release\intermediate\configuration.obj
c:\coding\connect4_game\connect4_game\bin\release\intermediate\high_score.obj
c:\coding\connect4_game\connect4_game\bin\release\intermediate\ai.obj
c:\coding\connect4_game\connect4_game\bin\release\connect4_game.exe
c:\coding\connect4_game\connect4_game\bin\release\connect4_game.pdb
c:\coding\connect4_game\connect4_game\bin\release\intermediate\connect4_game.iobj
c:\coding\connect4_game\connect4_game\bin\release\intermediate\connect4_game.ipdb
c:\coding\connect4_game\connect4_game\bin\release\intermediate\connect4_game.vcxproj.filelistabsolute.txt
c:\coding\connect4_game\connect4_game\bin\release\intermediate\connect4_game.tlog\cl.command.1.tlog
c:\coding\connect4_game\connect4_game\bin\release\intermediate\connect4_game.tlog\cl.read.1.tlog
c:\coding\connect4_game\connect4_game\bin\release\intermediate\connect4_game.tlog\cl.write.1.tlog
c:\coding\connect4_game\connect4_game\bin\release\intermediate\connect4_game.tlog\link.command.1.tlog
c:\coding\connect4_game\connect4_game\bin\release\intermediate\connect4_game.tlog\link.read.1.tlog
c:\coding\connect4_game\connect4_game\bin\release\intermediate\connect4_game.tlog\link.write.1.tlog
