  GUI.c
C:\coding\Connect4_Game\Connect4_Game\src\GUI.c(149,26): warning C4133: 'function': incompatible types - from 'Button *' to 'Texture *'
C:\coding\Connect4_Game\Connect4_Game\src\GUI.c(289,36): warning C4244: '=': conversion from 'double' to 'int', possible loss of data
C:\coding\Connect4_Game\Connect4_Game\src\GUI.c(299,37): warning C4244: '=': conversion from 'double' to 'int', possible loss of data
  Connect4_Game.vcxproj -> C:\coding\Connect4_Game\Connect4_Game\bin\Debug\Connect4_Game.exe

Project Performance Summary:
     1588 ms  C:\coding\Connect4_Game\Connect4_Game\Connect4_Game.vcxproj   1 calls
               1588 ms  Build                                      1 calls

Target Performance Summary:
        0 ms  AfterBuildCompileEvent                     1 calls
        0 ms  AfterLink                                  1 calls
        0 ms  ComputeLinkImportLibraryOutputsForClean    1 calls
        0 ms  ComputeLinkSwitches                        1 calls
        0 ms  PreLinkEvent                               1 calls
        0 ms  PrepareResourceNames                       1 calls
        0 ms  CreateCustomManifestResourceNames          1 calls
        0 ms  ComputeManifestInputsTargets               1 calls
        0 ms  ComputeLinkInputsFromProject               1 calls
        0 ms  ComputeManifestGeneratedLinkerInputs       1 calls
        0 ms  _Link                                      1 calls
        0 ms  ComputeRCGeneratedLinkInputs               1 calls
        0 ms  BeforeLink                                 1 calls
        0 ms  ComputeLegacyManifestEmbedding             1 calls
        0 ms  BuildLinkTraverse                          1 calls
        0 ms  BuildCompile                               1 calls
        0 ms  _BuildCompileAction                        1 calls
        0 ms  _ResourceCompile                           1 calls
        0 ms  AfterResourceCompile                       1 calls
        0 ms  MakeDirsForResourceCompile                 1 calls
        0 ms  BeforeResourceCompile                      1 calls
        0 ms  ComputeRCOutputs                           1 calls
        0 ms  _ClCompile                                 1 calls
        0 ms  _ALink                                     1 calls
        0 ms  ResolvedXDCMake                            1 calls
        0 ms  AfterBuild                                 1 calls
        0 ms  BuildLink                                  1 calls
        0 ms  _BuildLinkAction                           1 calls
        0 ms  PrepareForRun                              1 calls
        0 ms  CopyFilesToOutputDirectory                 1 calls
        0 ms  _CheckForCompileOutputs                    1 calls
        0 ms  _CopySourceItemsToOutputDirectory          1 calls
        0 ms  _PopulateCommonStateForGetCopyToOutputDirectoryItems   1 calls
        0 ms  _Deploy                                    1 calls
        0 ms  _Manifest                                  1 calls
        0 ms  _Appverifier                               1 calls
        0 ms  _GenerateSatelliteAssemblyInputs           1 calls
        0 ms  MakeDirsForFxc                             1 calls
        0 ms  SatelliteDllsProjectOutputGroup            1 calls
        0 ms  _BscMake                                   1 calls
        0 ms  MakeDirsForBscMake                         1 calls
        0 ms  ComputeCLCompileGeneratedSbrFiles          1 calls
        0 ms  _XdcMake                                   1 calls
        0 ms  MakeDirsForXdcMake                         1 calls
        0 ms  ComputeCLCompileGeneratedXDCFiles          1 calls
        0 ms  CreateSatelliteAssemblies                  1 calls
        0 ms  AfterClCompile                             1 calls
        0 ms  Build                                      1 calls
        0 ms  _SelectedFiles                             1 calls
        0 ms  CopyFileToFolders                          1 calls
        0 ms  PrepareProjectReferences                   1 calls
        0 ms  _AddOutputPathToGlobalPropertiesToRemove   1 calls
        0 ms  PreBuildEvent                              1 calls
        0 ms  BeforeBuildGenerateSources                 1 calls
        0 ms  ComputeReferenceCLInput                    1 calls
        0 ms  _Xsd                                       1 calls
        0 ms  ResolveReferences                          1 calls
        0 ms  ExpandSDKReferences                        1 calls
        0 ms  ResolveSDKReferences                       1 calls
        0 ms  SetCABuildNativeEnvironmentVariables       1 calls
        0 ms  GetResolvedWinMD                           1 calls
        0 ms  GetReferenceAssemblyPaths                  1 calls
        0 ms  GetFrameworkPaths                          1 calls
        0 ms  AfterResolveReferences                     1 calls
        0 ms  ComputeMIDLGeneratedCompileInputs          1 calls
        0 ms  SelectCustomBuild                          1 calls
        0 ms  BeforeClCompile                            1 calls
        0 ms  GetReferencedVCProjectsInfo                1 calls
        0 ms  FindReferenceAssembliesForReferences       1 calls
        0 ms  ComputeCLInputPDBName                      1 calls
        0 ms  AfterMidl                                  1 calls
        0 ms  BuildCompileTraverse                       1 calls
        0 ms  BuildGenerateSources                       1 calls
        0 ms  _BuildGenerateSourcesAction                1 calls
        0 ms  AfterBuildGenerateSourcesEvent             1 calls
        0 ms  BeforeResolveReferences                    1 calls
        0 ms  _Midl                                      1 calls
        0 ms  AfterBuildGenerateSources                  1 calls
        1 ms  MakeDirsForLink                            1 calls
        1 ms  DoLinkOutputFilesMatch                     1 calls
        1 ms  _CheckWindowsSDKInstalled                  1 calls
        1 ms  BuiltProjectOutputGroup                    1 calls
        1 ms  SelectClCompile                            1 calls
        1 ms  ResolveProjectReferences                   1 calls
        1 ms  BuildGenerateSourcesTraverse               1 calls
        1 ms  ResolveAssemblyReferences                  1 calls
        1 ms  PostBuildEvent                             1 calls
        1 ms  SetBuildDefaultEnvironmentVariables        1 calls
        1 ms  _GetCopyToOutputDirectoryItemsFromThisProject   1 calls
        1 ms  GetCopyToOutputDirectoryXamlAppDefs        1 calls
        1 ms  RegisterOutput                             1 calls
        1 ms  _GetCopyToOutputDirectoryItemsFromTransitiveProjectReferences   1 calls
        1 ms  ContentFilesProjectOutputGroup             1 calls
        1 ms  ComputeCustomBuildOutput                   1 calls
        2 ms  IncrementalClean                           1 calls
        3 ms  AssignTargetPaths                          1 calls
        3 ms  FinalizeBuildStatus                        1 calls
        3 ms  AddExternalIncludDirectoriesToPaths        1 calls
        3 ms  SplitResourcesByCulture                    1 calls
        4 ms  ComputeCLGeneratedLinkInputs               1 calls
        4 ms  MakeDirsForMidl                            1 calls
        5 ms  _PrepareForReferenceResolution             1 calls
        6 ms  _CleanGetCurrentAndPriorFileWrites         1 calls
        8 ms  MakeDirsForCl                              1 calls
        9 ms  _SplitProjectReferencesByFileExistence     1 calls
       11 ms  WarnCompileDuplicatedFilename              1 calls
       13 ms  SetTelemetryEnvironmentVariables           1 calls
       13 ms  ComputeCLOutputs                           1 calls
       15 ms  FixupCLCompileOptions                      1 calls
       16 ms  AssignProjectConfiguration                 1 calls
       20 ms  InitializeBuildStatus                      1 calls
       20 ms  CustomBuild                                1 calls
       24 ms  CreateRecipeFile                           1 calls
       26 ms  _PrepareForBuild                           1 calls
       29 ms  GetCopyToOutputDirectoryItems              1 calls
       30 ms  PrepareForBuild                            1 calls
       59 ms  _GetProjectReferenceTargetFrameworkProperties   1 calls
      119 ms  _CheckForInvalidConfigurationAndPlatform   1 calls
      216 ms  Link                                       1 calls
      843 ms  ClCompile                                  1 calls

Task Performance Summary:
        1 ms  SetRidAgnosticValueForProjects             1 calls
        1 ms  ConvertToAbsolutePath                      1 calls
        1 ms  RemoveDuplicates                           2 calls
        2 ms  CheckVCToolsetVersion                      1 calls
        3 ms  FindUnderPath                              5 calls
        3 ms  WriteLinesToFile                           1 calls
        3 ms  AssignCulture                              1 calls
        4 ms  AssignTargetPath                           7 calls
        4 ms  Delete                                     2 calls
        6 ms  Touch                                      2 calls
        7 ms  SetEnv                                     9 calls
       10 ms  MSBuild                                    1 calls
       11 ms  ReadLinesFromFile                          2 calls
       12 ms  MakeDir                                   10 calls
       15 ms  AssignProjectConfiguration                 1 calls
       20 ms  GetOutOfDateItems                          3 calls
       24 ms  GenerateDesktopDeployRecipe                1 calls
       28 ms  CallTarget                                 2 calls
       37 ms  Message                                    3 calls
      213 ms  Link                                       1 calls
      840 ms  CL                                         1 calls
