c:\coding\connect4_game\connect4_game\bin\debug\intermediate\vc143.pdb
c:\coding\connect4_game\connect4_game\bin\debug\intermediate\vc143.idb
c:\coding\connect4_game\connect4_game\bin\debug\intermediate\runapp.obj
c:\coding\connect4_game\connect4_game\bin\debug\intermediate\game.obj
c:\coding\connect4_game\connect4_game\bin\debug\intermediate\engine.obj
c:\coding\connect4_game\connect4_game\bin\debug\intermediate\dime.obj
c:\coding\connect4_game\connect4_game\bin\debug\intermediate\gui.obj
c:\coding\connect4_game\connect4_game\bin\debug\intermediate\configuration.obj
c:\coding\connect4_game\connect4_game\bin\debug\intermediate\save_load_game.obj
c:\coding\connect4_game\connect4_game\bin\debug\intermediate\high_score.obj
c:\coding\connect4_game\connect4_game\bin\debug\intermediate\ai.obj
c:\coding\connect4_game\connect4_game\bin\debug\connect4_game.exe
c:\coding\connect4_game\connect4_game\bin\debug\intermediate\connect4_game.ilk
c:\coding\connect4_game\connect4_game\bin\debug\connect4_game.pdb
c:\coding\connect4_game\connect4_game\bin\debug\intermediate\setup.obj
c:\coding\connect4_game\connect4_game\bin\debug\intermediate\connect4_game.vcxproj.filelistabsolute.txt
c:\coding\connect4_game\connect4_game\bin\debug\intermediate\connect4_game.tlog\cl.command.1.tlog
c:\coding\connect4_game\connect4_game\bin\debug\intermediate\connect4_game.tlog\cl.read.1.tlog
c:\coding\connect4_game\connect4_game\bin\debug\intermediate\connect4_game.tlog\cl.write.1.tlog
c:\coding\connect4_game\connect4_game\bin\debug\intermediate\connect4_game.tlog\link.command.1.tlog
c:\coding\connect4_game\connect4_game\bin\debug\intermediate\connect4_game.tlog\link.read.1.tlog
c:\coding\connect4_game\connect4_game\bin\debug\intermediate\connect4_game.tlog\link.write.1.tlog
